[2024-07-23T10:58:40.237+0000] {local_task_job_runner.py:120} INFO - ::group::Pre task execution logs
[2024-07-23T10:58:40.259+0000] {taskinstance.py:2076} INFO - Dependencies all met for dep_context=non-requeueable deps ti=<TaskInstance: car_price_prediction.first_task manual__2024-07-23T10:58:37.605046+00:00 [queued]>
[2024-07-23T10:58:40.266+0000] {taskinstance.py:2076} INFO - Dependencies all met for dep_context=requeueable deps ti=<TaskInstance: car_price_prediction.first_task manual__2024-07-23T10:58:37.605046+00:00 [queued]>
[2024-07-23T10:58:40.267+0000] {taskinstance.py:2306} INFO - Starting attempt 1 of 2
[2024-07-23T10:58:40.281+0000] {taskinstance.py:2330} INFO - Executing <Task(BashOperator): first_task> on 2024-07-23 10:58:37.605046+00:00
[2024-07-23T10:58:40.288+0000] {warnings.py:112} WARNING - /home/***/.local/lib/python3.12/site-packages/***/task/task_runner/standard_task_runner.py:61: DeprecationWarning: This process (pid=84) is multi-threaded, use of fork() may lead to deadlocks in the child.
  pid = os.fork()

[2024-07-23T10:58:40.290+0000] {standard_task_runner.py:63} INFO - Started process 93 to run task
[2024-07-23T10:58:40.290+0000] {standard_task_runner.py:90} INFO - Running: ['***', 'tasks', 'run', 'car_price_prediction', 'first_task', 'manual__2024-07-23T10:58:37.605046+00:00', '--job-id', '45', '--raw', '--subdir', 'DAGS_FOLDER/hw_dag.py', '--cfg-path', '/tmp/tmp33lf_hjn']
[2024-07-23T10:58:40.291+0000] {standard_task_runner.py:91} INFO - Job 45: Subtask first_task
[2024-07-23T10:58:40.336+0000] {task_command.py:426} INFO - Running <TaskInstance: car_price_prediction.first_task manual__2024-07-23T10:58:37.605046+00:00 [running]> on host f7e8a3dbc720
[2024-07-23T10:58:40.417+0000] {taskinstance.py:2648} INFO - Exporting env vars: AIRFLOW_CTX_DAG_OWNER='***' AIRFLOW_CTX_DAG_ID='car_price_prediction' AIRFLOW_CTX_TASK_ID='first_task' AIRFLOW_CTX_EXECUTION_DATE='2024-07-23T10:58:37.605046+00:00' AIRFLOW_CTX_TRY_NUMBER='1' AIRFLOW_CTX_DAG_RUN_ID='manual__2024-07-23T10:58:37.605046+00:00'
[2024-07-23T10:58:40.418+0000] {taskinstance.py:430} INFO - ::endgroup::
[2024-07-23T10:58:40.419+0000] {subprocess.py:63} INFO - Tmp dir root location: /tmp
[2024-07-23T10:58:40.420+0000] {subprocess.py:75} INFO - Running command: ['/usr/bin/bash', '-c', 'echo "This pipeline"']
[2024-07-23T10:58:40.430+0000] {subprocess.py:86} INFO - Output:
[2024-07-23T10:58:40.432+0000] {subprocess.py:93} INFO - This pipeline
[2024-07-23T10:58:40.432+0000] {subprocess.py:97} INFO - Command exited with return code 0
[2024-07-23T10:58:40.433+0000] {taskinstance.py:441} INFO - ::group::Post task execution logs
[2024-07-23T10:58:40.455+0000] {taskinstance.py:1206} INFO - Marking task as SUCCESS. dag_id=car_price_prediction, task_id=first_task, run_id=manual__2024-07-23T10:58:37.605046+00:00, execution_date=20240723T105837, start_date=20240723T105840, end_date=20240723T105840
[2024-07-23T10:58:40.505+0000] {local_task_job_runner.py:240} INFO - Task exited with return code 0
[2024-07-23T10:58:40.529+0000] {taskinstance.py:3503} INFO - 1 downstream tasks scheduled from follow-on schedule check
[2024-07-23T10:58:40.533+0000] {local_task_job_runner.py:222} INFO - ::endgroup::
